<?xml version="1.0" encoding="UTF-8"?>
<testng-results skipped="0" failed="0" total="1" passed="1">
  <reporter-output>
  </reporter-output>
  <suite name="Default suite" duration-ms="31826" started-at="2018-05-29T10:22:45Z" finished-at="2018-05-29T10:23:17Z">
    <groups>
    </groups>
    <test name="Default test" duration-ms="31826" started-at="2018-05-29T10:22:45Z" finished-at="2018-05-29T10:23:17Z">
      <class name="Login">
        <test-method status="PASS" signature="beforeMethod()[pri:0, instance:Login@3ffc5af1]" name="beforeMethod" is-config="true" duration-ms="18631" started-at="2018-05-29T15:52:45Z" finished-at="2018-05-29T15:53:04Z">
          <reporter-output>
          </reporter-output>
        </test-method> <!-- beforeMethod -->
        <test-method status="PASS" signature="f()[pri:0, instance:Login@3ffc5af1]" name="f" duration-ms="9813" started-at="2018-05-29T15:53:04Z" finished-at="2018-05-29T15:53:13Z">
          <reporter-output>
          </reporter-output>
        </test-method> <!-- f -->
        <test-method status="PASS" signature="afterMethod()[pri:0, instance:Login@3ffc5af1]" name="afterMethod" is-config="true" duration-ms="3328" started-at="2018-05-29T15:53:13Z" finished-at="2018-05-29T15:53:17Z">
          <reporter-output>
          </reporter-output>
        </test-method> <!-- afterMethod -->
      </class> <!-- Login -->
    </test> <!-- Default test -->
  </suite> <!-- Default suite -->
</testng-results>
